# JRE version: OpenJDK Runtime Environment Temurin-21.0.11+10 (21.0.11+10) (build 21.0.11+10-LTS)
# Java VM: OpenJDK 64-Bit Server VM Temurin-21.0.11+10 (21.0.11+10-LTS, mixed mode, sharing, tiered, compressed oops, compressed class ptrs, parallel gc, windows-amd64)
GC Precious Log:
 CardTable entry size: 512
 CPUs: 4 total, 4 available
 Memory: 4018M
 Large Page Support: Disabled
 NUMA Support: Disabled
 Compressed Oops: Enabled (32-bit)
 Alignments: Space 512K, Generation 512K, Heap 2M
 Heap Min Capacity: 100M
 Heap Initial Capacity: 100M
 Heap Max Capacity: 2G
 Pre-touch: Disabled
 Parallel Workers: 4
Heap:
 PSYoungGen      total 18944K, used 13162K [0x00000000d5580000, 0x00000000d6a80000, 0x0000000100000000)
  eden space 17920K, 70% used [0x00000000d5580000,0x00000000d61d2a28,0x00000000d6700000)
  from space 1024K, 53% used [0x00000000d6980000,0x00000000d6a08000,0x00000000d6a80000)
  to   space 1024K, 0% used [0x00000000d6880000,0x00000000d6880000,0x00000000d6980000)
 ParOldGen       total 68608K, used 54021K [0x0000000080000000, 0x0000000084300000, 0x00000000d5580000)
  object space 68608K, 78% used [0x0000000080000000,0x00000000834c15e0,0x0000000084300000)
 Metaspace       used 70718K, committed 72256K, reserved 1114112K
  class space    used 7530K, committed 8192K, reserved 1048576K
GC Heap History (20 events):
Event: 137.049 GC heap before
{Heap before GC invocations=30 (full 2):
 PSYoungGen      total 20992K, used 20222K [0x00000000d5580000, 0x00000000d6f80000, 0x0000000100000000)
  eden space 19968K, 99% used [0x00000000d5580000,0x00000000d68ffa88,0x00000000d6900000)
  from space 1024K, 25% used [0x00000000d6e00000,0x00000000d6e40000,0x00000000d6f00000)
  to   space 512K, 0% used [0x00000000d6f00000,0x00000000d6f00000,0x00000000d6f80000)
 ParOldGen       total 68608K, used 43108K [0x0000000080000000, 0x0000000084300000, 0x00000000d5580000)
  object space 68608K, 62% used [0x0000000080000000,0x0000000082a19280,0x0000000084300000)
 Metaspace       used 56098K, committed 57408K, reserved 1114112K
  class space    used 6004K, committed 6592K, reserved 1048576K
}
Event: 137.059 GC heap after
{Heap after GC invocations=30 (full 2):
 PSYoungGen      total 20480K, used 499K [0x00000000d5580000, 0x00000000d6f80000, 0x0000000100000000)
  eden space 19968K, 0% used [0x00000000d5580000,0x00000000d5580000,0x00000000d6900000)
  from space 512K, 97% used [0x00000000d6f00000,0x00000000d6f7cd50,0x00000000d6f80000)
  to   space 1024K, 0% used [0x00000000d6d80000,0x00000000d6d80000,0x00000000d6e80000)
 ParOldGen       total 68608K, used 43456K [0x0000000080000000, 0x0000000084300000, 0x00000000d5580000)
  object space 68608K, 63% used [0x0000000080000000,0x0000000082a70108,0x0000000084300000)
 Metaspace       used 56098K, committed 57408K, reserved 1114112K
  class space    used 6004K, committed 6592K, reserved 1048576K
}
Event: 139.764 GC heap before
{Heap before GC invocations=31 (full 2):
 PSYoungGen      total 20480K, used 18350K [0x00000000d5580000, 0x00000000d6f80000, 0x0000000100000000)
  eden space 19968K, 89% used [0x00000000d5580000,0x00000000d66eeb80,0x00000000d6900000)
  from space 512K, 97% used [0x00000000d6f00000,0x00000000d6f7cd50,0x00000000d6f80000)
  to   space 1024K, 0% used [0x00000000d6d80000,0x00000000d6d80000,0x00000000d6e80000)
 ParOldGen       total 68608K, used 43456K [0x0000000080000000, 0x0000000084300000, 0x00000000d5580000)
  object space 68608K, 63% used [0x0000000080000000,0x0000000082a70108,0x0000000084300000)
 Metaspace       used 58488K, committed 59776K, reserved 1114112K
  class space    used 6274K, committed 6848K, reserved 1048576K
}
Event: 139.768 GC heap after
{Heap after GC invocations=31 (full 2):
 PSYoungGen      total 20992K, used 1020K [0x00000000d5580000, 0x00000000d6f80000, 0x0000000100000000)
  eden space 19968K, 0% used [0x00000000d5580000,0x00000000d5580000,0x00000000d6900000)
  from space 1024K, 99% used [0x00000000d6d80000,0x00000000d6e7f148,0x00000000d6e80000)
  to   space 1024K, 0% used [0x00000000d6e80000,0x00000000d6e80000,0x00000000d6f80000)
 ParOldGen       total 68608K, used 44381K [0x0000000080000000, 0x0000000084300000, 0x00000000d5580000)
  object space 68608K, 64% used [0x0000000080000000,0x0000000082b575a0,0x0000000084300000)
 Metaspace       used 58488K, committed 59776K, reserved 1114112K
  class space    used 6274K, committed 6848K, reserved 1048576K
}
Event: 139.768 GC heap before
{Heap before GC invocations=32 (full 3):
 PSYoungGen      total 20992K, used 1020K [0x00000000d5580000, 0x00000000d6f80000, 0x0000000100000000)
  eden space 19968K, 0% used [0x00000000d5580000,0x00000000d5580000,0x00000000d6900000)
  from space 1024K, 99% used [0x00000000d6d80000,0x00000000d6e7f148,0x00000000d6e80000)
  to   space 1024K, 0% used [0x00000000d6e80000,0x00000000d6e80000,0x00000000d6f80000)
 ParOldGen       total 68608K, used 44381K [0x0000000080000000, 0x0000000084300000, 0x00000000d5580000)
  object space 68608K, 64% used [0x0000000080000000,0x0000000082b575a0,0x0000000084300000)
 Metaspace       used 58488K, committed 59776K, reserved 1114112K
  class space    used 6274K, committed 6848K, reserved 1048576K
}
Event: 140.005 GC heap after
{Heap after GC invocations=32 (full 3):
 PSYoungGen      total 20992K, used 0K [0x00000000d5580000, 0x00000000d6f80000, 0x0000000100000000)
  eden space 19968K, 0% used [0x00000000d5580000,0x00000000d5580000,0x00000000d6900000)
  from space 1024K, 0% used [0x00000000d6d80000,0x00000000d6d80000,0x00000000d6e80000)
  to   space 1024K, 0% used [0x00000000d6e80000,0x00000000d6e80000,0x00000000d6f80000)
 ParOldGen       total 68608K, used 41687K [0x0000000080000000, 0x0000000084300000, 0x00000000d5580000)
  object space 68608K, 60% used [0x0000000080000000,0x00000000828b5ea0,0x0000000084300000)
 Metaspace       used 58488K, committed 59776K, reserved 1114112K
  class space    used 6274K, committed 6848K, reserved 1048576K
}
Event: 141.964 GC heap before
{Heap before GC invocations=33 (full 3):
 PSYoungGen      total 20992K, used 19968K [0x00000000d5580000, 0x00000000d6f80000, 0x0000000100000000)
  eden space 19968K, 100% used [0x00000000d5580000,0x00000000d6900000,0x00000000d6900000)
  from space 1024K, 0% used [0x00000000d6d80000,0x00000000d6d80000,0x00000000d6e80000)
  to   space 1024K, 0% used [0x00000000d6e80000,0x00000000d6e80000,0x00000000d6f80000)
 ParOldGen       total 68608K, used 41687K [0x0000000080000000, 0x0000000084300000, 0x00000000d5580000)
  object space 68608K, 60% used [0x0000000080000000,0x00000000828b5ea0,0x0000000084300000)
 Metaspace       used 60079K, committed 61376K, reserved 1114112K
  class space    used 6412K, committed 6976K, reserved 1048576K
}
Event: 141.973 GC heap after
{Heap after GC invocations=33 (full 3):
 PSYoungGen      total 20992K, used 1012K [0x00000000d5580000, 0x00000000d7300000, 0x0000000100000000)
  eden space 19968K, 0% used [0x00000000d5580000,0x00000000d5580000,0x00000000d6900000)
  from space 1024K, 98% used [0x00000000d6e80000,0x00000000d6f7d120,0x00000000d6f80000)
  to   space 5120K, 0% used [0x00000000d6900000,0x00000000d6900000,0x00000000d6e00000)
 ParOldGen       total 68608K, used 44947K [0x0000000080000000, 0x0000000084300000, 0x00000000d5580000)
  object space 68608K, 65% used [0x0000000080000000,0x0000000082be4cf0,0x0000000084300000)
 Metaspace       used 60079K, committed 61376K, reserved 1114112K
  class space    used 6412K, committed 6976K, reserved 1048576K
}
Event: 143.305 GC heap before
{Heap before GC invocations=34 (full 3):
 PSYoungGen      total 20992K, used 20980K [0x00000000d5580000, 0x00000000d7300000, 0x0000000100000000)
  eden space 19968K, 100% used [0x00000000d5580000,0x00000000d6900000,0x00000000d6900000)
  from space 1024K, 98% used [0x00000000d6e80000,0x00000000d6f7d120,0x00000000d6f80000)
  to   space 5120K, 0% used [0x00000000d6900000,0x00000000d6900000,0x00000000d6e00000)
 ParOldGen       total 68608K, used 44947K [0x0000000080000000, 0x0000000084300000, 0x00000000d5580000)
  object space 68608K, 65% used [0x0000000080000000,0x0000000082be4cf0,0x0000000084300000)
 Metaspace       used 61751K, committed 63168K, reserved 1114112K
  class space    used 6577K, committed 7232K, reserved 1048576K
}
Event: 143.311 GC heap after
{Heap after GC invocations=34 (full 3):
 PSYoungGen      total 22528K, used 2403K [0x00000000d5580000, 0x00000000d7000000, 0x0000000100000000)
  eden space 19968K, 0% used [0x00000000d5580000,0x00000000d5580000,0x00000000d6900000)
  from space 2560K, 93% used [0x00000000d6900000,0x00000000d6b58c00,0x00000000d6b80000)
  to   space 3584K, 0% used [0x00000000d6c80000,0x00000000d6c80000,0x00000000d7000000)
 ParOldGen       total 68608K, used 45835K [0x0000000080000000, 0x0000000084300000, 0x00000000d5580000)
  object space 68608K, 66% used [0x0000000080000000,0x0000000082cc2c00,0x0000000084300000)
 Metaspace       used 61751K, committed 63168K, reserved 1114112K
  class space    used 6577K, committed 7232K, reserved 1048576K
}
Event: 144.918 GC heap before
{Heap before GC invocations=35 (full 3):
 PSYoungGen      total 22528K, used 22371K [0x00000000d5580000, 0x00000000d7000000, 0x0000000100000000)
  eden space 19968K, 100% used [0x00000000d5580000,0x00000000d6900000,0x00000000d6900000)
  from space 2560K, 93% used [0x00000000d6900000,0x00000000d6b58c00,0x00000000d6b80000)
  to   space 3584K, 0% used [0x00000000d6c80000,0x00000000d6c80000,0x00000000d7000000)
 ParOldGen       total 68608K, used 45835K [0x0000000080000000, 0x0000000084300000, 0x00000000d5580000)
  object space 68608K, 66% used [0x0000000080000000,0x0000000082cc2c00,0x0000000084300000)
 Metaspace       used 63228K, committed 64512K, reserved 1114112K
  class space    used 6703K, committed 7296K, reserved 1048576K
}
Event: 144.924 GC heap after
{Heap after GC invocations=35 (full 3):
 PSYoungGen      total 22016K, used 1683K [0x00000000d5580000, 0x00000000d6e80000, 0x0000000100000000)
  eden space 19968K, 0% used [0x00000000d5580000,0x00000000d5580000,0x00000000d6900000)
  from space 2048K, 82% used [0x00000000d6c80000,0x00000000d6e24f18,0x00000000d6e80000)
  to   space 2560K, 0% used [0x00000000d6980000,0x00000000d6980000,0x00000000d6c00000)
 ParOldGen       total 68608K, used 47457K [0x0000000080000000, 0x0000000084300000, 0x00000000d5580000)
  object space 68608K, 69% used [0x0000000080000000,0x0000000082e58430,0x0000000084300000)
 Metaspace       used 63228K, committed 64512K, reserved 1114112K
  class space    used 6703K, committed 7296K, reserved 1048576K
}
Event: 148.011 GC heap before
{Heap before GC invocations=36 (full 3):
 PSYoungGen      total 22016K, used 21651K [0x00000000d5580000, 0x00000000d6e80000, 0x0000000100000000)
  eden space 19968K, 100% used [0x00000000d5580000,0x00000000d6900000,0x00000000d6900000)
  from space 2048K, 82% used [0x00000000d6c80000,0x00000000d6e24f18,0x00000000d6e80000)
  to   space 2560K, 0% used [0x00000000d6980000,0x00000000d6980000,0x00000000d6c00000)
 ParOldGen       total 68608K, used 47457K [0x0000000080000000, 0x0000000084300000, 0x00000000d5580000)
  object space 68608K, 69% used [0x0000000080000000,0x0000000082e58430,0x0000000084300000)
 Metaspace       used 64098K, committed 65472K, reserved 1114112K
  class space    used 6787K, committed 7424K, reserved 1048576K
}
Event: 148.024 GC heap after
{Heap after GC invocations=36 (full 3):
 PSYoungGen      total 22016K, used 1769K [0x00000000d5580000, 0x00000000d6d00000, 0x0000000100000000)
  eden space 19968K, 0% used [0x00000000d5580000,0x00000000d5580000,0x00000000d6900000)
  from space 2048K, 86% used [0x00000000d6980000,0x00000000d6b3a538,0x00000000d6b80000)
  to   space 1536K, 0% used [0x00000000d6b80000,0x00000000d6b80000,0x00000000d6d00000)
 ParOldGen       total 68608K, used 49052K [0x0000000080000000, 0x0000000084300000, 0x00000000d5580000)
  object space 68608K, 71% used [0x0000000080000000,0x0000000082fe7268,0x0000000084300000)
 Metaspace       used 64098K, committed 65472K, reserved 1114112K
  class space    used 6787K, committed 7424K, reserved 1048576K
}
Event: 149.973 GC heap before
{Heap before GC invocations=37 (full 3):
 PSYoungGen      total 22016K, used 21733K [0x00000000d5580000, 0x00000000d6d00000, 0x0000000100000000)
  eden space 19968K, 99% used [0x00000000d5580000,0x00000000d68ff100,0x00000000d6900000)
  from space 2048K, 86% used [0x00000000d6980000,0x00000000d6b3a538,0x00000000d6b80000)
  to   space 1536K, 0% used [0x00000000d6b80000,0x00000000d6b80000,0x00000000d6d00000)
 ParOldGen       total 68608K, used 49052K [0x0000000080000000, 0x0000000084300000, 0x00000000d5580000)
  object space 68608K, 71% used [0x0000000080000000,0x0000000082fe7268,0x0000000084300000)
 Metaspace       used 65547K, committed 66944K, reserved 1114112K
  class space    used 6854K, committed 7488K, reserved 1048576K
}
Event: 149.983 GC heap after
{Heap after GC invocations=37 (full 3):
 PSYoungGen      total 19456K, used 1516K [0x00000000d5580000, 0x00000000d7200000, 0x0000000100000000)
  eden space 17920K, 0% used [0x00000000d5580000,0x00000000d5580000,0x00000000d6700000)
  from space 1536K, 98% used [0x00000000d6b80000,0x00000000d6cfb0d8,0x00000000d6d00000)
  to   space 4608K, 0% used [0x00000000d6700000,0x00000000d6700000,0x00000000d6b80000)
 ParOldGen       total 68608K, used 51349K [0x0000000080000000, 0x0000000084300000, 0x00000000d5580000)
  object space 68608K, 74% used [0x0000000080000000,0x0000000083225648,0x0000000084300000)
 Metaspace       used 65547K, committed 66944K, reserved 1114112K
  class space    used 6854K, committed 7488K, reserved 1048576K
}
Event: 151.893 GC heap before
{Heap before GC invocations=38 (full 3):
 PSYoungGen      total 19456K, used 19436K [0x00000000d5580000, 0x00000000d7200000, 0x0000000100000000)
  eden space 17920K, 100% used [0x00000000d5580000,0x00000000d6700000,0x00000000d6700000)
  from space 1536K, 98% used [0x00000000d6b80000,0x00000000d6cfb0d8,0x00000000d6d00000)
  to   space 4608K, 0% used [0x00000000d6700000,0x00000000d6700000,0x00000000d6b80000)
 ParOldGen       total 68608K, used 51349K [0x0000000080000000, 0x0000000084300000, 0x00000000d5580000)
  object space 68608K, 74% used [0x0000000080000000,0x0000000083225648,0x0000000084300000)
 Metaspace       used 67564K, committed 68992K, reserved 1114112K
  class space    used 7020K, committed 7680K, reserved 1048576K
}
Event: 151.898 GC heap after
{Heap after GC invocations=38 (full 3):
 PSYoungGen      total 19456K, used 1249K [0x00000000d5580000, 0x00000000d6c00000, 0x0000000100000000)
  eden space 17920K, 0% used [0x00000000d5580000,0x00000000d5580000,0x00000000d6700000)
  from space 1536K, 81% used [0x00000000d6700000,0x00000000d68385d8,0x00000000d6880000)
  to   space 2560K, 0% used [0x00000000d6980000,0x00000000d6980000,0x00000000d6c00000)
 ParOldGen       total 68608K, used 52838K [0x0000000080000000, 0x0000000084300000, 0x00000000d5580000)
  object space 68608K, 77% used [0x0000000080000000,0x0000000083399990,0x0000000084300000)
 Metaspace       used 67564K, committed 68992K, reserved 1114112K
  class space    used 7020K, committed 7680K, reserved 1048576K
}
Event: 158.891 GC heap before
{Heap before GC invocations=39 (full 3):
 PSYoungGen      total 19456K, used 19169K [0x00000000d5580000, 0x00000000d6c00000, 0x0000000100000000)
  eden space 17920K, 100% used [0x00000000d5580000,0x00000000d6700000,0x00000000d6700000)
  from space 1536K, 81% used [0x00000000d6700000,0x00000000d68385d8,0x00000000d6880000)
  to   space 2560K, 0% used [0x00000000d6980000,0x00000000d6980000,0x00000000d6c00000)
 ParOldGen       total 68608K, used 52838K [0x0000000080000000, 0x0000000084300000, 0x00000000d5580000)
  object space 68608K, 77% used [0x0000000080000000,0x0000000083399990,0x0000000084300000)
 Metaspace       used 69497K, committed 70976K, reserved 1114112K
  class space    used 7350K, committed 8000K, reserved 1048576K
}
Event: 158.894 GC heap after
{Heap after GC invocations=39 (full 3):
 PSYoungGen      total 18944K, used 544K [0x00000000d5580000, 0x00000000d6a80000, 0x0000000100000000)
  eden space 17920K, 0% used [0x00000000d5580000,0x00000000d5580000,0x00000000d6700000)
  from space 1024K, 53% used [0x00000000d6980000,0x00000000d6a08000,0x00000000d6a80000)
  to   space 1024K, 0% used [0x00000000d6880000,0x00000000d6880000,0x00000000d6980000)
 ParOldGen       total 68608K, used 54021K [0x0000000080000000, 0x0000000084300000, 0x00000000d5580000)
  object space 68608K, 78% used [0x0000000080000000,0x00000000834c15e0,0x0000000084300000)
 Metaspace       used 69497K, committed 70976K, reserved 1114112K
  class space    used 7350K, committed 8000K, reserved 1048576K
}

