# JRE version: OpenJDK Runtime Environment Temurin-21.0.11+10 (21.0.11+10) (build 21.0.11+10-LTS)
# Java VM: OpenJDK 64-Bit Server VM Temurin-21.0.11+10 (21.0.11+10-LTS, mixed mode, sharing, tiered, compressed oops, compressed class ptrs, parallel gc, windows-amd64)
GC Precious Log:
 CardTable entry size: 512
 CPUs: 4 total, 4 available
 Memory: 4018M
 Large Page Support: Disabled
 NUMA Support: Disabled
 Compressed Oops: Enabled (32-bit)
 Alignments: Space 512K, Generation 512K, Heap 2M
 Heap Min Capacity: 100M
 Heap Initial Capacity: 100M
 Heap Max Capacity: 2G
 Pre-touch: Disabled
 Parallel Workers: 4
Heap:
 PSYoungGen      total 18944K, used 16269K [0x00000000d5580000, 0x00000000d7400000, 0x0000000100000000)
  eden space 17920K, 85% used [0x00000000d5580000,0x00000000d6463640,0x00000000d6700000)
  from space 1024K, 100% used [0x00000000d6c00000,0x00000000d6d00000,0x00000000d6d00000)
  to   space 6656K, 0% used [0x00000000d6d80000,0x00000000d6d80000,0x00000000d7400000)
 ParOldGen       total 68608K, used 46267K [0x0000000080000000, 0x0000000084300000, 0x00000000d5580000)
  object space 68608K, 67% used [0x0000000080000000,0x0000000082d2ec80,0x0000000084300000)
 Metaspace       used 62610K, committed 64064K, reserved 1114112K
  class space    used 6568K, committed 7168K, reserved 1048576K
GC Heap History (20 events):
Event: 43.104 GC heap before
{Heap before GC invocations=27 (full 2):
 PSYoungGen      total 20480K, used 20088K [0x00000000d5580000, 0x00000000d6b80000, 0x0000000100000000)
  eden space 19456K, 100% used [0x00000000d5580000,0x00000000d6880000,0x00000000d6880000)
  from space 1024K, 61% used [0x00000000d6a80000,0x00000000d6b1e2a0,0x00000000d6b80000)
  to   space 1024K, 0% used [0x00000000d6980000,0x00000000d6980000,0x00000000d6a80000)
 ParOldGen       total 68608K, used 39458K [0x0000000080000000, 0x0000000084300000, 0x00000000d5580000)
  object space 68608K, 57% used [0x0000000080000000,0x0000000082688aa0,0x0000000084300000)
 Metaspace       used 52333K, committed 53696K, reserved 1114112K
  class space    used 5612K, committed 6208K, reserved 1048576K
}
Event: 43.106 GC heap after
{Heap after GC invocations=27 (full 2):
 PSYoungGen      total 20480K, used 608K [0x00000000d5580000, 0x00000000d6b00000, 0x0000000100000000)
  eden space 19456K, 0% used [0x00000000d5580000,0x00000000d5580000,0x00000000d6880000)
  from space 1024K, 59% used [0x00000000d6980000,0x00000000d6a18020,0x00000000d6a80000)
  to   space 512K, 0% used [0x00000000d6a80000,0x00000000d6a80000,0x00000000d6b00000)
 ParOldGen       total 68608K, used 39888K [0x0000000080000000, 0x0000000084300000, 0x00000000d5580000)
  object space 68608K, 58% used [0x0000000080000000,0x00000000826f4370,0x0000000084300000)
 Metaspace       used 52333K, committed 53696K, reserved 1114112K
  class space    used 5612K, committed 6208K, reserved 1048576K
}
Event: 44.423 GC heap before
{Heap before GC invocations=28 (full 2):
 PSYoungGen      total 20480K, used 20048K [0x00000000d5580000, 0x00000000d6b00000, 0x0000000100000000)
  eden space 19456K, 99% used [0x00000000d5580000,0x00000000d687c010,0x00000000d6880000)
  from space 1024K, 59% used [0x00000000d6980000,0x00000000d6a18020,0x00000000d6a80000)
  to   space 512K, 0% used [0x00000000d6a80000,0x00000000d6a80000,0x00000000d6b00000)
 ParOldGen       total 68608K, used 39888K [0x0000000080000000, 0x0000000084300000, 0x00000000d5580000)
  object space 68608K, 58% used [0x0000000080000000,0x00000000826f4370,0x0000000084300000)
 Metaspace       used 53996K, committed 55360K, reserved 1114112K
  class space    used 5807K, committed 6400K, reserved 1048576K
}
Event: 44.428 GC heap after
{Heap after GC invocations=28 (full 2):
 PSYoungGen      total 18432K, used 480K [0x00000000d5580000, 0x00000000d6f80000, 0x0000000100000000)
  eden space 17920K, 0% used [0x00000000d5580000,0x00000000d5580000,0x00000000d6700000)
  from space 512K, 93% used [0x00000000d6a80000,0x00000000d6af8010,0x00000000d6b00000)
  to   space 3584K, 0% used [0x00000000d6700000,0x00000000d6700000,0x00000000d6a80000)
 ParOldGen       total 68608K, used 42262K [0x0000000080000000, 0x0000000084300000, 0x00000000d5580000)
  object space 68608K, 61% used [0x0000000080000000,0x0000000082945b60,0x0000000084300000)
 Metaspace       used 53996K, committed 55360K, reserved 1114112K
  class space    used 5807K, committed 6400K, reserved 1048576K
}
Event: 45.380 GC heap before
{Heap before GC invocations=29 (full 2):
 PSYoungGen      total 18432K, used 18400K [0x00000000d5580000, 0x00000000d6f80000, 0x0000000100000000)
  eden space 17920K, 100% used [0x00000000d5580000,0x00000000d6700000,0x00000000d6700000)
  from space 512K, 93% used [0x00000000d6a80000,0x00000000d6af8010,0x00000000d6b00000)
  to   space 3584K, 0% used [0x00000000d6700000,0x00000000d6700000,0x00000000d6a80000)
 ParOldGen       total 68608K, used 42262K [0x0000000080000000, 0x0000000084300000, 0x00000000d5580000)
  object space 68608K, 61% used [0x0000000080000000,0x0000000082945b60,0x0000000084300000)
 Metaspace       used 55802K, committed 57152K, reserved 1114112K
  class space    used 5942K, committed 6528K, reserved 1048576K
}
Event: 45.385 GC heap after
{Heap after GC invocations=29 (full 2):
 PSYoungGen      total 20992K, used 2571K [0x00000000d5580000, 0x00000000d6d00000, 0x0000000100000000)
  eden space 17920K, 0% used [0x00000000d5580000,0x00000000d5580000,0x00000000d6700000)
  from space 3072K, 83% used [0x00000000d6700000,0x00000000d6982ea0,0x00000000d6a00000)
  to   space 3072K, 0% used [0x00000000d6a00000,0x00000000d6a00000,0x00000000d6d00000)
 ParOldGen       total 68608K, used 42750K [0x0000000080000000, 0x0000000084300000, 0x00000000d5580000)
  object space 68608K, 62% used [0x0000000080000000,0x00000000829bfb70,0x0000000084300000)
 Metaspace       used 55802K, committed 57152K, reserved 1114112K
  class space    used 5942K, committed 6528K, reserved 1048576K
}
Event: 46.399 GC heap before
{Heap before GC invocations=30 (full 2):
 PSYoungGen      total 20992K, used 20491K [0x00000000d5580000, 0x00000000d6d00000, 0x0000000100000000)
  eden space 17920K, 100% used [0x00000000d5580000,0x00000000d6700000,0x00000000d6700000)
  from space 3072K, 83% used [0x00000000d6700000,0x00000000d6982ea0,0x00000000d6a00000)
  to   space 3072K, 0% used [0x00000000d6a00000,0x00000000d6a00000,0x00000000d6d00000)
 ParOldGen       total 68608K, used 42750K [0x0000000080000000, 0x0000000084300000, 0x00000000d5580000)
  object space 68608K, 62% used [0x0000000080000000,0x00000000829bfb70,0x0000000084300000)
 Metaspace       used 57076K, committed 58432K, reserved 1114112K
  class space    used 6018K, committed 6592K, reserved 1048576K
}
Event: 46.405 GC heap after
{Heap after GC invocations=30 (full 2):
 PSYoungGen      total 20480K, used 2090K [0x00000000d5580000, 0x00000000d6c80000, 0x0000000100000000)
  eden space 17920K, 0% used [0x00000000d5580000,0x00000000d5580000,0x00000000d6700000)
  from space 2560K, 81% used [0x00000000d6a00000,0x00000000d6c0a9d8,0x00000000d6c80000)
  to   space 2560K, 0% used [0x00000000d6780000,0x00000000d6780000,0x00000000d6a00000)
 ParOldGen       total 68608K, used 45246K [0x0000000080000000, 0x0000000084300000, 0x00000000d5580000)
  object space 68608K, 65% used [0x0000000080000000,0x0000000082c2f8e8,0x0000000084300000)
 Metaspace       used 57076K, committed 58432K, reserved 1114112K
  class space    used 6018K, committed 6592K, reserved 1048576K
}
Event: 46.868 GC heap before
{Heap before GC invocations=31 (full 2):
 PSYoungGen      total 20480K, used 20010K [0x00000000d5580000, 0x00000000d6c80000, 0x0000000100000000)
  eden space 17920K, 100% used [0x00000000d5580000,0x00000000d6700000,0x00000000d6700000)
  from space 2560K, 81% used [0x00000000d6a00000,0x00000000d6c0a9d8,0x00000000d6c80000)
  to   space 2560K, 0% used [0x00000000d6780000,0x00000000d6780000,0x00000000d6a00000)
 ParOldGen       total 68608K, used 45246K [0x0000000080000000, 0x0000000084300000, 0x00000000d5580000)
  object space 68608K, 65% used [0x0000000080000000,0x0000000082c2f8e8,0x0000000084300000)
 Metaspace       used 57809K, committed 59136K, reserved 1114112K
  class space    used 6065K, committed 6656K, reserved 1048576K
}
Event: 46.878 GC heap after
{Heap after GC invocations=31 (full 2):
 PSYoungGen      total 20480K, used 2550K [0x00000000d5580000, 0x00000000d7400000, 0x0000000100000000)
  eden space 17920K, 0% used [0x00000000d5580000,0x00000000d5580000,0x00000000d6700000)
  from space 2560K, 99% used [0x00000000d6780000,0x00000000d69fdaa0,0x00000000d6a00000)
  to   space 6656K, 0% used [0x00000000d6d80000,0x00000000d6d80000,0x00000000d7400000)
 ParOldGen       total 68608K, used 48409K [0x0000000080000000, 0x0000000084300000, 0x00000000d5580000)
  object space 68608K, 70% used [0x0000000080000000,0x0000000082f46658,0x0000000084300000)
 Metaspace       used 57809K, committed 59136K, reserved 1114112K
  class space    used 6065K, committed 6656K, reserved 1048576K
}
Event: 47.024 GC heap before
{Heap before GC invocations=32 (full 2):
 PSYoungGen      total 20480K, used 20459K [0x00000000d5580000, 0x00000000d7400000, 0x0000000100000000)
  eden space 17920K, 99% used [0x00000000d5580000,0x00000000d66fd348,0x00000000d6700000)
  from space 2560K, 99% used [0x00000000d6780000,0x00000000d69fdaa0,0x00000000d6a00000)
  to   space 6656K, 0% used [0x00000000d6d80000,0x00000000d6d80000,0x00000000d7400000)
 ParOldGen       total 68608K, used 48409K [0x0000000080000000, 0x0000000084300000, 0x00000000d5580000)
  object space 68608K, 70% used [0x0000000080000000,0x0000000082f46658,0x0000000084300000)
 Metaspace       used 57840K, committed 59200K, reserved 1114112K
  class space    used 6065K, committed 6656K, reserved 1048576K
}
Event: 47.029 GC heap after
{Heap after GC invocations=32 (full 2):
 PSYoungGen      total 19456K, used 1331K [0x00000000d5580000, 0x00000000d6f00000, 0x0000000100000000)
  eden space 17920K, 0% used [0x00000000d5580000,0x00000000d5580000,0x00000000d6700000)
  from space 1536K, 86% used [0x00000000d6d80000,0x00000000d6ecce50,0x00000000d6f00000)
  to   space 3072K, 0% used [0x00000000d6900000,0x00000000d6900000,0x00000000d6c00000)
 ParOldGen       total 68608K, used 50765K [0x0000000080000000, 0x0000000084300000, 0x00000000d5580000)
  object space 68608K, 73% used [0x0000000080000000,0x00000000831937a8,0x0000000084300000)
 Metaspace       used 57840K, committed 59200K, reserved 1114112K
  class space    used 6065K, committed 6656K, reserved 1048576K
}
Event: 47.127 GC heap before
{Heap before GC invocations=33 (full 2):
 PSYoungGen      total 19456K, used 13766K [0x00000000d5580000, 0x00000000d6f00000, 0x0000000100000000)
  eden space 17920K, 69% used [0x00000000d5580000,0x00000000d61a4bc8,0x00000000d6700000)
  from space 1536K, 86% used [0x00000000d6d80000,0x00000000d6ecce50,0x00000000d6f00000)
  to   space 3072K, 0% used [0x00000000d6900000,0x00000000d6900000,0x00000000d6c00000)
 ParOldGen       total 68608K, used 50765K [0x0000000080000000, 0x0000000084300000, 0x00000000d5580000)
  object space 68608K, 73% used [0x0000000080000000,0x00000000831937a8,0x0000000084300000)
 Metaspace       used 58465K, committed 59776K, reserved 1114112K
  class space    used 6119K, committed 6720K, reserved 1048576K
}
Event: 47.128 GC heap after
{Heap after GC invocations=33 (full 2):
 PSYoungGen      total 20992K, used 128K [0x00000000d5580000, 0x00000000d6e00000, 0x0000000100000000)
  eden space 17920K, 0% used [0x00000000d5580000,0x00000000d5580000,0x00000000d6700000)
  from space 3072K, 4% used [0x00000000d6900000,0x00000000d6920000,0x00000000d6c00000)
  to   space 1024K, 0% used [0x00000000d6d00000,0x00000000d6d00000,0x00000000d6e00000)
 ParOldGen       total 68608K, used 51215K [0x0000000080000000, 0x0000000084300000, 0x00000000d5580000)
  object space 68608K, 74% used [0x0000000080000000,0x0000000083203ef8,0x0000000084300000)
 Metaspace       used 58465K, committed 59776K, reserved 1114112K
  class space    used 6119K, committed 6720K, reserved 1048576K
}
Event: 47.128 GC heap before
{Heap before GC invocations=34 (full 3):
 PSYoungGen      total 20992K, used 128K [0x00000000d5580000, 0x00000000d6e00000, 0x0000000100000000)
  eden space 17920K, 0% used [0x00000000d5580000,0x00000000d5580000,0x00000000d6700000)
  from space 3072K, 4% used [0x00000000d6900000,0x00000000d6920000,0x00000000d6c00000)
  to   space 1024K, 0% used [0x00000000d6d00000,0x00000000d6d00000,0x00000000d6e00000)
 ParOldGen       total 68608K, used 51215K [0x0000000080000000, 0x0000000084300000, 0x00000000d5580000)
  object space 68608K, 74% used [0x0000000080000000,0x0000000083203ef8,0x0000000084300000)
 Metaspace       used 58465K, committed 59776K, reserved 1114112K
  class space    used 6119K, committed 6720K, reserved 1048576K
}
Event: 47.327 GC heap after
{Heap after GC invocations=34 (full 3):
 PSYoungGen      total 20992K, used 0K [0x00000000d5580000, 0x00000000d6e00000, 0x0000000100000000)
  eden space 17920K, 0% used [0x00000000d5580000,0x00000000d5580000,0x00000000d6700000)
  from space 3072K, 0% used [0x00000000d6900000,0x00000000d6900000,0x00000000d6c00000)
  to   space 1024K, 0% used [0x00000000d6d00000,0x00000000d6d00000,0x00000000d6e00000)
 ParOldGen       total 68608K, used 41832K [0x0000000080000000, 0x0000000084300000, 0x00000000d5580000)
  object space 68608K, 60% used [0x0000000080000000,0x00000000828da1a0,0x0000000084300000)
 Metaspace       used 58465K, committed 59776K, reserved 1114112K
  class space    used 6119K, committed 6720K, reserved 1048576K
}
Event: 48.065 GC heap before
{Heap before GC invocations=35 (full 3):
 PSYoungGen      total 20992K, used 17919K [0x00000000d5580000, 0x00000000d6e00000, 0x0000000100000000)
  eden space 17920K, 99% used [0x00000000d5580000,0x00000000d66ffd98,0x00000000d6700000)
  from space 3072K, 0% used [0x00000000d6900000,0x00000000d6900000,0x00000000d6c00000)
  to   space 1024K, 0% used [0x00000000d6d00000,0x00000000d6d00000,0x00000000d6e00000)
 ParOldGen       total 68608K, used 41832K [0x0000000080000000, 0x0000000084300000, 0x00000000d5580000)
  object space 68608K, 60% used [0x0000000080000000,0x00000000828da1a0,0x0000000084300000)
 Metaspace       used 60366K, committed 61696K, reserved 1114112K
  class space    used 6331K, committed 6912K, reserved 1048576K
}
Event: 48.068 GC heap after
{Heap after GC invocations=35 (full 3):
 PSYoungGen      total 18944K, used 520K [0x00000000d5580000, 0x00000000d6e00000, 0x0000000100000000)
  eden space 17920K, 0% used [0x00000000d5580000,0x00000000d5580000,0x00000000d6700000)
  from space 1024K, 50% used [0x00000000d6d00000,0x00000000d6d821d8,0x00000000d6e00000)
  to   space 1024K, 0% used [0x00000000d6c00000,0x00000000d6c00000,0x00000000d6d00000)
 ParOldGen       total 68608K, used 41840K [0x0000000080000000, 0x0000000084300000, 0x00000000d5580000)
  object space 68608K, 60% used [0x0000000080000000,0x00000000828dc1a0,0x0000000084300000)
 Metaspace       used 60366K, committed 61696K, reserved 1114112K
  class space    used 6331K, committed 6912K, reserved 1048576K
}
Event: 48.987 GC heap before
{Heap before GC invocations=36 (full 3):
 PSYoungGen      total 18944K, used 18440K [0x00000000d5580000, 0x00000000d6e00000, 0x0000000100000000)
  eden space 17920K, 99% used [0x00000000d5580000,0x00000000d66fffe0,0x00000000d6700000)
  from space 1024K, 50% used [0x00000000d6d00000,0x00000000d6d821d8,0x00000000d6e00000)
  to   space 1024K, 0% used [0x00000000d6c00000,0x00000000d6c00000,0x00000000d6d00000)
 ParOldGen       total 68608K, used 41840K [0x0000000080000000, 0x0000000084300000, 0x00000000d5580000)
  object space 68608K, 60% used [0x0000000080000000,0x00000000828dc1a0,0x0000000084300000)
 Metaspace       used 61950K, committed 63360K, reserved 1114112K
  class space    used 6503K, committed 7104K, reserved 1048576K
}
Event: 48.997 GC heap after
{Heap after GC invocations=36 (full 3):
 PSYoungGen      total 18944K, used 1024K [0x00000000d5580000, 0x00000000d7400000, 0x0000000100000000)
  eden space 17920K, 0% used [0x00000000d5580000,0x00000000d5580000,0x00000000d6700000)
  from space 1024K, 100% used [0x00000000d6c00000,0x00000000d6d00000,0x00000000d6d00000)
  to   space 6656K, 0% used [0x00000000d6d80000,0x00000000d6d80000,0x00000000d7400000)
 ParOldGen       total 68608K, used 46267K [0x0000000080000000, 0x0000000084300000, 0x00000000d5580000)
  object space 68608K, 67% used [0x0000000080000000,0x0000000082d2ec80,0x0000000084300000)
 Metaspace       used 61950K, committed 63360K, reserved 1114112K
  class space    used 6503K, committed 7104K, reserved 1048576K
}

